# JRE version: Java(TM) SE Runtime Environment (8.0_144-b01) (build 1.8.0_144-b01)
# Java VM: Java HotSpot(TM) 64-Bit Server VM (25.144-b01 mixed mode windows-amd64 compressed oops)
Heap:
 PSYoungGen      total 76288K, used 30965K [0x000000076af00000, 0x0000000772480000, 0x00000007c0000000)
  eden space 65536K, 32% used [0x000000076af00000,0x000000076c39f340,0x000000076ef00000)
  from space 10752K, 91% used [0x0000000771a00000,0x000000077239e1c8,0x0000000772480000)
  to   space 10752K, 0% used [0x000000076ef00000,0x000000076ef00000,0x000000076f980000)
 ParOldGen       total 125440K, used 8036K [0x00000006c0c00000, 0x00000006c8680000, 0x000000076af00000)
  object space 125440K, 6% used [0x00000006c0c00000,0x00000006c13d9040,0x00000006c8680000)
 Metaspace       used 26941K, capacity 27970K, committed 28208K, reserved 1073152K
  class space    used 3576K, capacity 3812K, committed 3888K, reserved 1048576K
GC Heap History (10 events):
Event: 34.927 GC heap before
{Heap before GC invocations=3 (full 1):
 PSYoungGen      total 76288K, used 65536K [0x000000076af00000, 0x0000000770400000, 0x00000007c0000000)
  eden space 65536K, 100% used [0x000000076af00000,0x000000076ef00000,0x000000076ef00000)
  from space 10752K, 0% used [0x000000076ef00000,0x000000076ef00000,0x000000076f980000)
  to   space 10752K, 0% used [0x000000076f980000,0x000000076f980000,0x0000000770400000)
 ParOldGen       total 125440K, used 8004K [0x00000006c0c00000, 0x00000006c8680000, 0x000000076af00000)
  object space 125440K, 6% used [0x00000006c0c00000,0x00000006c13d1040,0x00000006c8680000)
 Metaspace       used 26428K, capacity 27360K, committed 27568K, reserved 1073152K
  class space    used 3521K, capacity 3741K, committed 3760K, reserved 1048576K
Event: 34.934 GC heap after
Heap after GC invocations=3 (full 1):
 PSYoungGen      total 76288K, used 9719K [0x000000076af00000, 0x0000000770400000, 0x00000007c0000000)
  eden space 65536K, 0% used [0x000000076af00000,0x000000076af00000,0x000000076ef00000)
  from space 10752K, 90% used [0x000000076f980000,0x00000007702fdd30,0x0000000770400000)
  to   space 10752K, 0% used [0x000000076ef00000,0x000000076ef00000,0x000000076f980000)
 ParOldGen       total 125440K, used 8012K [0x00000006c0c00000, 0x00000006c8680000, 0x000000076af00000)
  object space 125440K, 6% used [0x00000006c0c00000,0x00000006c13d3040,0x00000006c8680000)
 Metaspace       used 26428K, capacity 27360K, committed 27568K, reserved 1073152K
  class space    used 3521K, capacity 3741K, committed 3760K, reserved 1048576K
}
Event: 35.077 GC heap before
{Heap before GC invocations=4 (full 1):
 PSYoungGen      total 76288K, used 75214K [0x000000076af00000, 0x0000000770400000, 0x00000007c0000000)
  eden space 65536K, 99% used [0x000000076af00000,0x000000076eef5b48,0x000000076ef00000)
  from space 10752K, 90% used [0x000000076f980000,0x00000007702fdd30,0x0000000770400000)
  to   space 10752K, 0% used [0x000000076ef00000,0x000000076ef00000,0x000000076f980000)
 ParOldGen       total 125440K, used 8012K [0x00000006c0c00000, 0x00000006c8680000, 0x000000076af00000)
  object space 125440K, 6% used [0x00000006c0c00000,0x00000006c13d3040,0x00000006c8680000)
 Metaspace       used 26786K, capacity 27790K, committed 27952K, reserved 1073152K
  class space    used 3559K, capacity 3776K, committed 3888K, reserved 1048576K
Event: 35.085 GC heap after
Heap after GC invocations=4 (full 1):
 PSYoungGen      total 76288K, used 9814K [0x000000076af00000, 0x0000000772480000, 0x00000007c0000000)
  eden space 65536K, 0% used [0x000000076af00000,0x000000076af00000,0x000000076ef00000)
  from space 10752K, 91% used [0x000000076ef00000,0x000000076f8959e0,0x000000076f980000)
  to   space 10752K, 0% used [0x0000000771a00000,0x0000000771a00000,0x0000000772480000)
 ParOldGen       total 125440K, used 8020K [0x00000006c0c00000, 0x00000006c8680000, 0x000000076af00000)
  object space 125440K, 6% used [0x00000006c0c00000,0x00000006c13d5040,0x00000006c8680000)
 Metaspace       used 26786K, capacity 27790K, committed 27952K, reserved 1073152K
  class space    used 3559K, capacity 3776K, committed 3888K, reserved 1048576K
}
Event: 35.100 GC heap before
{Heap before GC invocations=5 (full 1):
 PSYoungGen      total 76288K, used 75317K [0x000000076af00000, 0x0000000772480000, 0x00000007c0000000)
  eden space 65536K, 99% used [0x000000076af00000,0x000000076eef7c60,0x000000076ef00000)
  from space 10752K, 91% used [0x000000076ef00000,0x000000076f8959e0,0x000000076f980000)
  to   space 10752K, 0% used [0x0000000771a00000,0x0000000771a00000,0x0000000772480000)
 ParOldGen       total 125440K, used 8020K [0x00000006c0c00000, 0x00000006c8680000, 0x000000076af00000)
  object space 125440K, 6% used [0x00000006c0c00000,0x00000006c13d5040,0x00000006c8680000)
 Metaspace       used 26800K, capacity 27790K, committed 27952K, reserved 1073152K
  class space    used 3559K, capacity 3776K, committed 3888K, reserved 1048576K
Event: 35.105 GC heap after
Heap after GC invocations=5 (full 1):
 PSYoungGen      total 76288K, used 9823K [0x000000076af00000, 0x0000000772480000, 0x00000007c0000000)
  eden space 65536K, 0% used [0x000000076af00000,0x000000076af00000,0x000000076ef00000)
  from space 10752K, 91% used [0x0000000771a00000,0x0000000772397cb0,0x0000000772480000)
  to   space 10752K, 0% used [0x000000076ef00000,0x000000076ef00000,0x000000076f980000)
 ParOldGen       total 125440K, used 8028K [0x00000006c0c00000, 0x00000006c8680000, 0x000000076af00000)
  object space 125440K, 6% used [0x00000006c0c00000,0x00000006c13d7040,0x00000006c8680000)
 Metaspace       used 26800K, capacity 27790K, committed 27952K, reserved 1073152K
  class space    used 3559K, capacity 3776K, committed 3888K, reserved 1048576K
}
Event: 35.115 GC heap before
{Heap before GC invocations=6 (full 1):
 PSYoungGen      total 76288K, used 75347K [0x000000076af00000, 0x0000000772480000, 0x00000007c0000000)
  eden space 65536K, 99% used [0x000000076af00000,0x000000076eefd340,0x000000076ef00000)
  from space 10752K, 91% used [0x0000000771a00000,0x0000000772397cb0,0x0000000772480000)
  to   space 10752K, 0% used [0x000000076ef00000,0x000000076ef00000,0x000000076f980000)
 ParOldGen       total 125440K, used 8028K [0x00000006c0c00000, 0x00000006c8680000, 0x000000076af00000)
  object space 125440K, 6% used [0x00000006c0c00000,0x00000006c13d7040,0x00000006c8680000)
 Metaspace       used 26800K, capacity 27790K, committed 27952K, reserved 1073152K
  class space    used 3559K, capacity 3776K, committed 3888K, reserved 1048576K
Event: 35.119 GC heap after
Heap after GC invocations=6 (full 1):
 PSYoungGen      total 76288K, used 9937K [0x000000076af00000, 0x0000000772480000, 0x00000007c0000000)
  eden space 65536K, 0% used [0x000000076af00000,0x000000076af00000,0x000000076ef00000)
  from space 10752K, 92% used [0x000000076ef00000,0x000000076f8b4438,0x000000076f980000)
  to   space 10752K, 0% used [0x0000000771a00000,0x0000000771a00000,0x0000000772480000)
 ParOldGen       total 125440K, used 8036K [0x00000006c0c00000, 0x00000006c8680000, 0x000000076af00000)
  object space 125440K, 6% used [0x00000006c0c00000,0x00000006c13d9040,0x00000006c8680000)
 Metaspace       used 26800K, capacity 27790K, committed 27952K, reserved 1073152K
  class space    used 3559K, capacity 3776K, committed 3888K, reserved 1048576K
}
Event: 35.130 GC heap before
{Heap before GC invocations=7 (full 1):
 PSYoungGen      total 76288K, used 75387K [0x000000076af00000, 0x0000000772480000, 0x00000007c0000000)
  eden space 65536K, 99% used [0x000000076af00000,0x000000076eeea8d8,0x000000076ef00000)
  from space 10752K, 92% used [0x000000076ef00000,0x000000076f8b4438,0x000000076f980000)
  to   space 10752K, 0% used [0x0000000771a00000,0x0000000771a00000,0x0000000772480000)
 ParOldGen       total 125440K, used 8036K [0x00000006c0c00000, 0x00000006c8680000, 0x000000076af00000)
  object space 125440K, 6% used [0x00000006c0c00000,0x00000006c13d9040,0x00000006c8680000)
 Metaspace       used 26801K, capacity 27790K, committed 27952K, reserved 1073152K
  class space    used 3559K, capacity 3776K, committed 3888K, reserved 1048576K
Event: 35.134 GC heap after
Heap after GC invocations=7 (full 1):
 PSYoungGen      total 76288K, used 9848K [0x000000076af00000, 0x0000000772480000, 0x00000007c0000000)
  eden space 65536K, 0% used [0x000000076af00000,0x000000076af00000,0x000000076ef00000)
  from space 10752K, 91% used [0x0000000771a00000,0x000000077239e1c8,0x0000000772480000)
  to   space 10752K, 0% used [0x000000076ef00000,0x000000076ef00000,0x000000076f980000)
 ParOldGen       total 125440K, used 8036K [0x00000006c0c00000, 0x00000006c8680000, 0x000000076af00000)
  object space 125440K, 6% used [0x00000006c0c00000,0x00000006c13d9040,0x00000006c8680000)
 Metaspace       used 26801K, capacity 27790K, committed 27952K, reserved 1073152K
  class space    used 3559K, capacity 3776K, committed 3888K, reserved 1048576K
}

