# JRE version: Java(TM) SE Runtime Environment (8.0_144-b01) (build 1.8.0_144-b01)
# Java VM: Java HotSpot(TM) 64-Bit Server VM (25.144-b01 mixed mode windows-amd64 compressed oops)
Heap:
 PSYoungGen      total 124928K, used 27949K [0x000000076af00000, 0x0000000779280000, 0x00000007c0000000)
  eden space 114176K, 16% used [0x000000076af00000,0x000000076c0f17a0,0x0000000771e80000)
  from space 10752K, 89% used [0x0000000771e80000,0x00000007727d9cc8,0x0000000772900000)
  to   space 10752K, 0% used [0x0000000778800000,0x0000000778800000,0x0000000779280000)
 ParOldGen       total 125440K, used 8201K [0x00000006c0c00000, 0x00000006c8680000, 0x000000076af00000)
  object space 125440K, 6% used [0x00000006c0c00000,0x00000006c14024f0,0x00000006c8680000)
 Metaspace       used 26447K, capacity 27468K, committed 27696K, reserved 1073152K
  class space    used 3563K, capacity 3801K, committed 3888K, reserved 1048576K
GC Heap History (10 events):
Event: 1.366 GC heap before
{Heap before GC invocations=2 (full 1):
 PSYoungGen      total 76288K, used 8110K [0x000000076af00000, 0x0000000770400000, 0x00000007c0000000)
  eden space 65536K, 0% used [0x000000076af00000,0x000000076af00000,0x000000076ef00000)
  from space 10752K, 75% used [0x000000076ef00000,0x000000076f6eb888,0x000000076f980000)
  to   space 10752K, 0% used [0x000000076f980000,0x000000076f980000,0x0000000770400000)
 ParOldGen       total 175104K, used 88K [0x00000006c0c00000, 0x00000006cb700000, 0x000000076af00000)
  object space 175104K, 0% used [0x00000006c0c00000,0x00000006c0c16010,0x00000006cb700000)
 Metaspace       used 20560K, capacity 21284K, committed 21296K, reserved 1067008K
  class space    used 2912K, capacity 3111K, committed 3120K, reserved 1048576K
Event: 1.395 GC heap after
Heap after GC invocations=2 (full 1):
 PSYoungGen      total 76288K, used 0K [0x000000076af00000, 0x0000000770400000, 0x00000007c0000000)
  eden space 65536K, 0% used [0x000000076af00000,0x000000076af00000,0x000000076ef00000)
  from space 10752K, 0% used [0x000000076ef00000,0x000000076ef00000,0x000000076f980000)
  to   space 10752K, 0% used [0x000000076f980000,0x000000076f980000,0x0000000770400000)
 ParOldGen       total 125440K, used 8007K [0x00000006c0c00000, 0x00000006c8680000, 0x000000076af00000)
  object space 125440K, 6% used [0x00000006c0c00000,0x00000006c13d1de8,0x00000006c8680000)
 Metaspace       used 20560K, capacity 21284K, committed 21296K, reserved 1067008K
  class space    used 2912K, capacity 3111K, committed 3120K, reserved 1048576K
}
Event: 3.379 GC heap before
{Heap before GC invocations=3 (full 1):
 PSYoungGen      total 76288K, used 65512K [0x000000076af00000, 0x0000000770400000, 0x00000007c0000000)
  eden space 65536K, 99% used [0x000000076af00000,0x000000076eefa128,0x000000076ef00000)
  from space 10752K, 0% used [0x000000076ef00000,0x000000076ef00000,0x000000076f980000)
  to   space 10752K, 0% used [0x000000076f980000,0x000000076f980000,0x0000000770400000)
 ParOldGen       total 125440K, used 8007K [0x00000006c0c00000, 0x00000006c8680000, 0x000000076af00000)
  object space 125440K, 6% used [0x00000006c0c00000,0x00000006c13d1de8,0x00000006c8680000)
 Metaspace       used 25978K, capacity 26948K, committed 27184K, reserved 1073152K
  class space    used 3542K, capacity 3761K, committed 3888K, reserved 1048576K
Event: 3.384 GC heap after
Heap after GC invocations=3 (full 1):
 PSYoungGen      total 76288K, used 10727K [0x000000076af00000, 0x0000000770f80000, 0x00000007c0000000)
  eden space 65536K, 0% used [0x000000076af00000,0x000000076af00000,0x000000076ef00000)
  from space 10752K, 99% used [0x000000076f980000,0x00000007703f9fd8,0x0000000770400000)
  to   space 10752K, 0% used [0x000000076ef00000,0x000000076ef00000,0x000000076f980000)
 ParOldGen       total 125440K, used 8177K [0x00000006c0c00000, 0x00000006c8680000, 0x000000076af00000)
  object space 125440K, 6% used [0x00000006c0c00000,0x00000006c13fc4f0,0x00000006c8680000)
 Metaspace       used 25978K, capacity 26948K, committed 27184K, reserved 1073152K
  class space    used 3542K, capacity 3761K, committed 3888K, reserved 1048576K
}
Event: 3.405 GC heap before
{Heap before GC invocations=4 (full 1):
 PSYoungGen      total 76288K, used 76176K [0x000000076af00000, 0x0000000770f80000, 0x00000007c0000000)
  eden space 65536K, 99% used [0x000000076af00000,0x000000076eeea150,0x000000076ef00000)
  from space 10752K, 99% used [0x000000076f980000,0x00000007703f9fd8,0x0000000770400000)
  to   space 10752K, 0% used [0x000000076ef00000,0x000000076ef00000,0x000000076f980000)
 ParOldGen       total 125440K, used 8177K [0x00000006c0c00000, 0x00000006c8680000, 0x000000076af00000)
  object space 125440K, 6% used [0x00000006c0c00000,0x00000006c13fc4f0,0x00000006c8680000)
 Metaspace       used 26000K, capacity 26960K, committed 27184K, reserved 1073152K
  class space    used 3545K, capacity 3763K, committed 3888K, reserved 1048576K
Event: 3.410 GC heap after
Heap after GC invocations=4 (full 1):
 PSYoungGen      total 76288K, used 9606K [0x000000076af00000, 0x0000000773380000, 0x00000007c0000000)
  eden space 65536K, 0% used [0x000000076af00000,0x000000076af00000,0x000000076ef00000)
  from space 10752K, 89% used [0x000000076ef00000,0x000000076f8618c8,0x000000076f980000)
  to   space 10752K, 0% used [0x0000000772900000,0x0000000772900000,0x0000000773380000)
 ParOldGen       total 125440K, used 8185K [0x00000006c0c00000, 0x00000006c8680000, 0x000000076af00000)
  object space 125440K, 6% used [0x00000006c0c00000,0x00000006c13fe4f0,0x00000006c8680000)
 Metaspace       used 26000K, capacity 26960K, committed 27184K, reserved 1073152K
  class space    used 3545K, capacity 3763K, committed 3888K, reserved 1048576K
}
Event: 3.421 GC heap before
{Heap before GC invocations=5 (full 1):
 PSYoungGen      total 76288K, used 75104K [0x000000076af00000, 0x0000000773380000, 0x00000007c0000000)
  eden space 65536K, 99% used [0x000000076af00000,0x000000076eef6a18,0x000000076ef00000)
  from space 10752K, 89% used [0x000000076ef00000,0x000000076f8618c8,0x000000076f980000)
  to   space 10752K, 0% used [0x0000000772900000,0x0000000772900000,0x0000000773380000)
 ParOldGen       total 125440K, used 8185K [0x00000006c0c00000, 0x00000006c8680000, 0x000000076af00000)
  object space 125440K, 6% used [0x00000006c0c00000,0x00000006c13fe4f0,0x00000006c8680000)
 Metaspace       used 26000K, capacity 26960K, committed 27184K, reserved 1073152K
  class space    used 3545K, capacity 3763K, committed 3888K, reserved 1048576K
Event: 3.425 GC heap after
Heap after GC invocations=5 (full 1):
 PSYoungGen      total 124928K, used 9593K [0x000000076af00000, 0x0000000773a80000, 0x00000007c0000000)
  eden space 114176K, 0% used [0x000000076af00000,0x000000076af00000,0x0000000771e80000)
  from space 10752K, 89% used [0x0000000772900000,0x000000077325e4d8,0x0000000773380000)
  to   space 10752K, 0% used [0x0000000771e80000,0x0000000771e80000,0x0000000772900000)
 ParOldGen       total 125440K, used 8193K [0x00000006c0c00000, 0x00000006c8680000, 0x000000076af00000)
  object space 125440K, 6% used [0x00000006c0c00000,0x00000006c14004f0,0x00000006c8680000)
 Metaspace       used 26000K, capacity 26960K, committed 27184K, reserved 1073152K
  class space    used 3545K, capacity 3763K, committed 3888K, reserved 1048576K
}
Event: 3.457 GC heap before
{Heap before GC invocations=6 (full 1):
 PSYoungGen      total 124928K, used 123760K [0x000000076af00000, 0x0000000773a80000, 0x00000007c0000000)
  eden space 114176K, 99% used [0x000000076af00000,0x0000000771e7dd90,0x0000000771e80000)
  from space 10752K, 89% used [0x0000000772900000,0x000000077325e4d8,0x0000000773380000)
  to   space 10752K, 0% used [0x0000000771e80000,0x0000000771e80000,0x0000000772900000)
 ParOldGen       total 125440K, used 8193K [0x00000006c0c00000, 0x00000006c8680000, 0x000000076af00000)
  object space 125440K, 6% used [0x00000006c0c00000,0x00000006c14004f0,0x00000006c8680000)
 Metaspace       used 26001K, capacity 26960K, committed 27184K, reserved 1073152K
  class space    used 3545K, capacity 3763K, committed 3888K, reserved 1048576K
Event: 3.462 GC heap after
Heap after GC invocations=6 (full 1):
 PSYoungGen      total 124928K, used 9575K [0x000000076af00000, 0x0000000779280000, 0x00000007c0000000)
  eden space 114176K, 0% used [0x000000076af00000,0x000000076af00000,0x0000000771e80000)
  from space 10752K, 89% used [0x0000000771e80000,0x00000007727d9cc8,0x0000000772900000)
  to   space 10752K, 0% used [0x0000000778800000,0x0000000778800000,0x0000000779280000)
 ParOldGen       total 125440K, used 8201K [0x00000006c0c00000, 0x00000006c8680000, 0x000000076af00000)
  object space 125440K, 6% used [0x00000006c0c00000,0x00000006c14024f0,0x00000006c8680000)
 Metaspace       used 26001K, capacity 26960K, committed 27184K, reserved 1073152K
  class space    used 3545K, capacity 3763K, committed 3888K, reserved 1048576K
}

